ServiceCommunication1/app/build/intermediates/manifest_merge_blame_file/debug/manifest-merger-blame-debug-report.txt
1<?xml version="1.0" encoding="utf-8"?>
2<!--
3 Copyright (C) 2007 The Android Open Source Project
4
5     Licensed under the Apache License, Version 2.0 (the "License");
6     you may not use this file except in compliance with the License.
7     You may obtain a copy of the License at
8
9          http://www.apache.org/licenses/LICENSE-2.0
10
11     Unless required by applicable law or agreed to in writing, software
12     distributed under the License is distributed on an "AS IS" BASIS,
13     WITHOUT WARRANTIES OR CONDITIONS OF ANY KIND, either express or implied.
14     See the License for the specific language governing permissions and
15     limitations under the License.
16-->
17<!--
18 Declare the contents of this Android application.  The namespace
19     attribute brings in the Android platform namespace, and the package
20     supplies a unique name for the application.  When writing your
21     own application, the package name must be changed from "com.example.*"
22     to come from a domain that you own or have control over.
23-->
24<manifest xmlns:android="http://schemas.android.com/apk/res/android"
25    package="edu.mit.icc_service_messages"
26    android:versionCode="1"
27    android:versionName="1.0" >
28
29    <uses-sdk android:minSdkVersion="14" />
29-->src\main\AndroidManifest.xml
30
31    <uses-permission android:name="android.permission.READ_PHONE_STATE" />
31-->src\main\AndroidManifest.xml:46:1-71
31-->src\main\AndroidManifest.xml:46:18-68
32
33    <application
33-->src\main\AndroidManifest.xml:29:5-44:19
34        android:debuggable="true"
35        android:hardwareAccelerated="true"
35-->src\main\AndroidManifest.xml:31:13-47
36        android:label="ActivityMessenger" >
36-->src\main\AndroidManifest.xml:30:13-46
37        <activity
37-->src\main\AndroidManifest.xml:34:9-40:20
38            android:name="edu.mit.icc_service_messages.ActivityMessenger"
38-->src\main\AndroidManifest.xml:34:19-80
39            android:label="ActivityMessenger" >
39-->src\main\AndroidManifest.xml:34:81-114
40            <intent-filter>
40-->src\main\AndroidManifest.xml:35:13-39:29
41                <action android:name="android.intent.action.MAIN" />
41-->src\main\AndroidManifest.xml:36:17-69
41-->src\main\AndroidManifest.xml:36:25-66
42
43                <category android:name="android.intent.category.DEFAULT" />
43-->src\main\AndroidManifest.xml:37:17-76
43-->src\main\AndroidManifest.xml:37:27-73
44                <category android:name="android.intent.category.LAUNCHER" />
44-->src\main\AndroidManifest.xml:38:17-77
44-->src\main\AndroidManifest.xml:38:27-74
45            </intent-filter>
46        </activity>
47
48        <service
48-->src\main\AndroidManifest.xml:42:9-114
49            android:name="edu.mit.icc_service_messages.MessengerService"
49-->src\main\AndroidManifest.xml:42:18-78
50            android:exported="false" />
50-->src\main\AndroidManifest.xml:42:79-103
51    </application>
52
53</manifest>